# JRE version: Java(TM) SE Runtime Environment (16.0.2+7) (build 16.0.2+7-67)
# Java VM: Java HotSpot(TM) 64-Bit Server VM (16.0.2+7-67, mixed mode, sharing, tiered, compressed oops, compressed class ptrs, g1 gc, windows-amd64)
GC Precious Log:
 CPUs: 4 total, 4 available
 Memory: 4094M
 Large Page Support: Disabled
 NUMA Support: Disabled
 Compressed Oops: Enabled (32-bit)
 Heap Region Size: 1M
 Heap Min Capacity: 8M
 Heap Initial Capacity: 64M
 Heap Max Capacity: 1G
 Pre-touch: Disabled
 Parallel Workers: 4
 Concurrent Workers: 1
 Concurrent Refinement Workers: 4
 Periodic GC: Disabled
Heap:
 garbage-first heap   total 78848K, used 55296K [0x00000000c0000000, 0x0000000100000000)
  region size 1024K, 2 young (2048K), 2 survivors (2048K)
 Metaspace       used 11917K, committed 12160K, reserved 1064960K
  class space    used 1267K, committed 1408K, reserved 1048576K
GC Heap History (17 events):
Event: 0.830 GC heap before
{Heap before GC invocations=0 (full 0):
 garbage-first heap   total 65536K, used 14336K [0x00000000c0000000, 0x0000000100000000)
  region size 1024K, 13 young (13312K), 0 survivors (0K)
 Metaspace       used 3208K, committed 3328K, reserved 1056768K
  class space    used 305K, committed 384K, reserved 1048576K
}
Event: 0.843 GC heap after
{Heap after GC invocations=1 (full 0):
 garbage-first heap   total 65536K, used 5481K [0x00000000c0000000, 0x0000000100000000)
  region size 1024K, 2 young (2048K), 2 survivors (2048K)
 Metaspace       used 3208K, committed 3328K, reserved 1056768K
  class space    used 305K, committed 384K, reserved 1048576K
}
Event: 1.584 GC heap before
{Heap before GC invocations=1 (full 0):
 garbage-first heap   total 65536K, used 21865K [0x00000000c0000000, 0x0000000100000000)
  region size 1024K, 13 young (13312K), 2 survivors (2048K)
 Metaspace       used 7239K, committed 7424K, reserved 1056768K
  class space    used 703K, committed 768K, reserved 1048576K
}
Event: 1.591 GC heap after
{Heap after GC invocations=2 (full 0):
 garbage-first heap   total 65536K, used 11031K [0x00000000c0000000, 0x0000000100000000)
  region size 1024K, 2 young (2048K), 2 survivors (2048K)
 Metaspace       used 7239K, committed 7424K, reserved 1056768K
  class space    used 703K, committed 768K, reserved 1048576K
}
Event: 1.789 GC heap before
{Heap before GC invocations=2 (full 0):
 garbage-first heap   total 65536K, used 29463K [0x00000000c0000000, 0x0000000100000000)
  region size 1024K, 20 young (20480K), 2 survivors (2048K)
 Metaspace       used 8740K, committed 8960K, reserved 1056768K
  class space    used 887K, committed 1024K, reserved 1048576K
}
Event: 1.796 GC heap after
{Heap after GC invocations=3 (full 0):
 garbage-first heap   total 65536K, used 11916K [0x00000000c0000000, 0x0000000100000000)
  region size 1024K, 1 young (1024K), 1 survivors (1024K)
 Metaspace       used 8740K, committed 8960K, reserved 1056768K
  class space    used 887K, committed 1024K, reserved 1048576K
}
Event: 2.048 GC heap before
{Heap before GC invocations=3 (full 0):
 garbage-first heap   total 65536K, used 43660K [0x00000000c0000000, 0x0000000100000000)
  region size 1024K, 32 young (32768K), 1 survivors (1024K)
 Metaspace       used 9627K, committed 9856K, reserved 1064960K
  class space    used 1011K, committed 1152K, reserved 1048576K
}
Event: 2.056 GC heap after
{Heap after GC invocations=4 (full 0):
 garbage-first heap   total 65536K, used 14248K [0x00000000c0000000, 0x0000000100000000)
  region size 1024K, 3 young (3072K), 3 survivors (3072K)
 Metaspace       used 9627K, committed 9856K, reserved 1064960K
  class space    used 1011K, committed 1152K, reserved 1048576K
}
Event: 3.374 GC heap before
{Heap before GC invocations=4 (full 0):
 garbage-first heap   total 65536K, used 47016K [0x00000000c0000000, 0x0000000100000000)
  region size 1024K, 35 young (35840K), 3 survivors (3072K)
 Metaspace       used 11813K, committed 12032K, reserved 1064960K
  class space    used 1266K, committed 1408K, reserved 1048576K
}
Event: 3.408 GC heap after
{Heap after GC invocations=5 (full 0):
 garbage-first heap   total 78848K, used 26735K [0x00000000c0000000, 0x0000000100000000)
  region size 1024K, 5 young (5120K), 5 survivors (5120K)
 Metaspace       used 11813K, committed 12032K, reserved 1064960K
  class space    used 1266K, committed 1408K, reserved 1048576K
}
Event: 3.967 GC heap before
{Heap before GC invocations=5 (full 0):
 garbage-first heap   total 78848K, used 49263K [0x00000000c0000000, 0x0000000100000000)
  region size 1024K, 27 young (27648K), 5 survivors (5120K)
 Metaspace       used 11813K, committed 12032K, reserved 1064960K
  class space    used 1266K, committed 1408K, reserved 1048576K
}
Event: 4.006 GC heap after
{Heap after GC invocations=6 (full 0):
 garbage-first heap   total 78848K, used 34816K [0x00000000c0000000, 0x0000000100000000)
  region size 1024K, 4 young (4096K), 4 survivors (4096K)
 Metaspace       used 11813K, committed 12032K, reserved 1064960K
  class space    used 1266K, committed 1408K, reserved 1048576K
}
Event: 4.172 GC heap before
{Heap before GC invocations=6 (full 0):
 garbage-first heap   total 78848K, used 53248K [0x00000000c0000000, 0x0000000100000000)
  region size 1024K, 22 young (22528K), 4 survivors (4096K)
 Metaspace       used 11875K, committed 12096K, reserved 1064960K
  class space    used 1267K, committed 1408K, reserved 1048576K
}
Event: 4.200 GC heap after
{Heap after GC invocations=7 (full 0):
 garbage-first heap   total 78848K, used 43008K [0x00000000c0000000, 0x0000000100000000)
  region size 1024K, 3 young (3072K), 3 survivors (3072K)
 Metaspace       used 11875K, committed 12096K, reserved 1064960K
  class space    used 1267K, committed 1408K, reserved 1048576K
}
Event: 4.307 GC heap before
{Heap before GC invocations=7 (full 0):
 garbage-first heap   total 78848K, used 55296K [0x00000000c0000000, 0x0000000100000000)
  region size 1024K, 15 young (15360K), 3 survivors (3072K)
 Metaspace       used 11913K, committed 12160K, reserved 1064960K
  class space    used 1267K, committed 1408K, reserved 1048576K
}
Event: 4.333 GC heap after
{Heap after GC invocations=8 (full 0):
 garbage-first heap   total 78848K, used 48640K [0x00000000c0000000, 0x0000000100000000)
  region size 1024K, 2 young (2048K), 2 survivors (2048K)
 Metaspace       used 11913K, committed 12160K, reserved 1064960K
  class space    used 1267K, committed 1408K, reserved 1048576K
}
Event: 4.377 GC heap before
{Heap before GC invocations=8 (full 0):
 garbage-first heap   total 78848K, used 57856K [0x00000000c0000000, 0x0000000100000000)
  region size 1024K, 11 young (11264K), 2 survivors (2048K)
 Metaspace       used 11917K, committed 12160K, reserved 1064960K
  class space    used 1267K, committed 1408K, reserved 1048576K
}

