# JRE version: Java(TM) SE Runtime Environment (16.0.2+7) (build 16.0.2+7-67)
# Java VM: Java HotSpot(TM) 64-Bit Server VM (16.0.2+7-67, mixed mode, sharing, tiered, compressed oops, compressed class ptrs, g1 gc, windows-amd64)
GC Precious Log:
 CPUs: 4 total, 4 available
 Memory: 4094M
 Large Page Support: Disabled
 NUMA Support: Disabled
 Compressed Oops: Enabled (32-bit)
 Heap Region Size: 1M
 Heap Min Capacity: 8M
 Heap Initial Capacity: 64M
 Heap Max Capacity: 1G
 Pre-touch: Disabled
 Parallel Workers: 4
 Concurrent Workers: 1
 Concurrent Refinement Workers: 4
 Periodic GC: Disabled
Heap:
 garbage-first heap   total 78848K, used 54784K [0x00000000c0000000, 0x0000000100000000)
  region size 1024K, 2 young (2048K), 2 survivors (2048K)
 Metaspace       used 11893K, committed 12160K, reserved 1064960K
  class space    used 1267K, committed 1408K, reserved 1048576K
GC Heap History (17 events):
Event: 0.720 GC heap before
{Heap before GC invocations=0 (full 0):
 garbage-first heap   total 65536K, used 14336K [0x00000000c0000000, 0x0000000100000000)
  region size 1024K, 13 young (13312K), 0 survivors (0K)
 Metaspace       used 3225K, committed 3392K, reserved 1056768K
  class space    used 305K, committed 384K, reserved 1048576K
}
Event: 0.729 GC heap after
{Heap after GC invocations=1 (full 0):
 garbage-first heap   total 65536K, used 5611K [0x00000000c0000000, 0x0000000100000000)
  region size 1024K, 2 young (2048K), 2 survivors (2048K)
 Metaspace       used 3225K, committed 3392K, reserved 1056768K
  class space    used 305K, committed 384K, reserved 1048576K
}
Event: 1.038 GC heap before
{Heap before GC invocations=1 (full 0):
 garbage-first heap   total 65536K, used 20971K [0x00000000c0000000, 0x0000000100000000)
  region size 1024K, 12 young (12288K), 2 survivors (2048K)
 Metaspace       used 6876K, committed 7040K, reserved 1056768K
  class space    used 666K, committed 768K, reserved 1048576K
}
Event: 1.044 GC heap after
{Heap after GC invocations=2 (full 0):
 garbage-first heap   total 65536K, used 11047K [0x00000000c0000000, 0x0000000100000000)
  region size 1024K, 2 young (2048K), 2 survivors (2048K)
 Metaspace       used 6876K, committed 7040K, reserved 1056768K
  class space    used 666K, committed 768K, reserved 1048576K
}
Event: 1.230 GC heap before
{Heap before GC invocations=2 (full 0):
 garbage-first heap   total 65536K, used 30503K [0x00000000c0000000, 0x0000000100000000)
  region size 1024K, 21 young (21504K), 2 survivors (2048K)
 Metaspace       used 8625K, committed 8768K, reserved 1056768K
  class space    used 885K, committed 960K, reserved 1048576K
}
Event: 1.236 GC heap after
{Heap after GC invocations=3 (full 0):
 garbage-first heap   total 65536K, used 11990K [0x00000000c0000000, 0x0000000100000000)
  region size 1024K, 1 young (1024K), 1 survivors (1024K)
 Metaspace       used 8625K, committed 8768K, reserved 1056768K
  class space    used 885K, committed 960K, reserved 1048576K
}
Event: 1.642 GC heap before
{Heap before GC invocations=3 (full 0):
 garbage-first heap   total 65536K, used 44758K [0x00000000c0000000, 0x0000000100000000)
  region size 1024K, 33 young (33792K), 1 survivors (1024K)
 Metaspace       used 9644K, committed 9920K, reserved 1064960K
  class space    used 1023K, committed 1152K, reserved 1048576K
}
Event: 1.652 GC heap after
{Heap after GC invocations=4 (full 0):
 garbage-first heap   total 65536K, used 14250K [0x00000000c0000000, 0x0000000100000000)
  region size 1024K, 3 young (3072K), 3 survivors (3072K)
 Metaspace       used 9644K, committed 9920K, reserved 1064960K
  class space    used 1023K, committed 1152K, reserved 1048576K
}
Event: 2.225 GC heap before
{Heap before GC invocations=4 (full 0):
 garbage-first heap   total 65536K, used 47018K [0x00000000c0000000, 0x0000000100000000)
  region size 1024K, 35 young (35840K), 3 survivors (3072K)
 Metaspace       used 11771K, committed 12032K, reserved 1064960K
  class space    used 1266K, committed 1408K, reserved 1048576K
}
Event: 2.305 GC heap after
{Heap after GC invocations=5 (full 0):
 garbage-first heap   total 78848K, used 27337K [0x00000000c0000000, 0x0000000100000000)
  region size 1024K, 5 young (5120K), 5 survivors (5120K)
 Metaspace       used 11771K, committed 12032K, reserved 1064960K
  class space    used 1266K, committed 1408K, reserved 1048576K
}
Event: 2.611 GC heap before
{Heap before GC invocations=5 (full 0):
 garbage-first heap   total 78848K, used 46793K [0x00000000c0000000, 0x0000000100000000)
  region size 1024K, 24 young (24576K), 5 survivors (5120K)
 Metaspace       used 11771K, committed 12032K, reserved 1064960K
  class space    used 1266K, committed 1408K, reserved 1048576K
}
Event: 2.657 GC heap after
{Heap after GC invocations=6 (full 0):
 garbage-first heap   total 78848K, used 34304K [0x00000000c0000000, 0x0000000100000000)
  region size 1024K, 3 young (3072K), 3 survivors (3072K)
 Metaspace       used 11771K, committed 12032K, reserved 1064960K
  class space    used 1266K, committed 1408K, reserved 1048576K
}
Event: 2.930 GC heap before
{Heap before GC invocations=6 (full 0):
 garbage-first heap   total 78848K, used 52736K [0x00000000c0000000, 0x0000000100000000)
  region size 1024K, 21 young (21504K), 3 survivors (3072K)
 Metaspace       used 11852K, committed 12096K, reserved 1064960K
  class space    used 1266K, committed 1408K, reserved 1048576K
}
Event: 2.957 GC heap after
{Heap after GC invocations=7 (full 0):
 garbage-first heap   total 78848K, used 41984K [0x00000000c0000000, 0x0000000100000000)
  region size 1024K, 3 young (3072K), 3 survivors (3072K)
 Metaspace       used 11852K, committed 12096K, reserved 1064960K
  class space    used 1266K, committed 1408K, reserved 1048576K
}
Event: 3.144 GC heap before
{Heap before GC invocations=7 (full 0):
 garbage-first heap   total 78848K, used 55296K [0x00000000c0000000, 0x0000000100000000)
  region size 1024K, 16 young (16384K), 3 survivors (3072K)
 Metaspace       used 11891K, committed 12160K, reserved 1064960K
  class space    used 1267K, committed 1408K, reserved 1048576K
}
Event: 3.169 GC heap after
{Heap after GC invocations=8 (full 0):
 garbage-first heap   total 78848K, used 48640K [0x00000000c0000000, 0x0000000100000000)
  region size 1024K, 2 young (2048K), 2 survivors (2048K)
 Metaspace       used 11891K, committed 12160K, reserved 1064960K
  class space    used 1267K, committed 1408K, reserved 1048576K
}
Event: 3.252 GC heap before
{Heap before GC invocations=8 (full 0):
 garbage-first heap   total 78848K, used 57856K [0x00000000c0000000, 0x0000000100000000)
  region size 1024K, 11 young (11264K), 2 survivors (2048K)
 Metaspace       used 11893K, committed 12160K, reserved 1064960K
  class space    used 1267K, committed 1408K, reserved 1048576K
}

